<?xml version="1.0" encoding="UTF-8"?>
<!-- Generated by org.testng.reporters.JUnitXMLReporter -->
<testsuite hostname="TYSS-4F-33" ignored="2" name="Test" tests="2" failures="0" timestamp="23 Jan 2020 05:30:02 GMT" time="87.948" errors="0">
  <testcase name="validateDiscountInAscending" time="51.109" classname="com.app.testCases.AddToBasketAndIncreaseQTY"/>
  <testcase name="validateDiscountInAscending" time="36.146" classname="com.app.testCases.WriteReview"/>
  <testcase name="@AfterSuite afterMethod" time="0.0" classname="com.app.generic.BaseTest">
    <ignored/>
  </testcase> <!-- @AfterSuite afterMethod -->
  <testcase name="@BeforeSuite extentReport" time="0.0" classname="com.app.generic.BaseTest">
    <ignored/>
  </testcase> <!-- @BeforeSuite extentReport -->
</testsuite> <!-- Test -->
