<?xml version="1.0" encoding="UTF-8"?>
<testng-results skipped="0" failed="0" ignored="0" total="1" passed="1">
  <reporter-output>
  </reporter-output>
  <suite name="Default suite" duration-ms="57602" started-at="2020-01-23T12:36:35Z" finished-at="2020-01-23T12:37:32Z">
    <groups>
    </groups>
    <test name="Default test" duration-ms="57602" started-at="2020-01-23T12:36:35Z" finished-at="2020-01-23T12:37:32Z">
      <class name="com.app.testCases.WriteReview">
        <test-method status="PASS" signature="extentReport()[pri:0, instance:com.app.testCases.WriteReview@710726a3]" name="extentReport" is-config="true" duration-ms="17416" started-at="2020-01-23T12:36:17Z" finished-at="2020-01-23T12:36:35Z">
          <reporter-output>
          </reporter-output>
        </test-method> <!-- extentReport -->
        <test-method status="PASS" signature="validateDiscountInAscending()[pri:0, instance:com.app.testCases.WriteReview@710726a3]" name="validateDiscountInAscending" duration-ms="57578" started-at="2020-01-23T12:36:35Z" finished-at="2020-01-23T12:37:32Z">
          <reporter-output>
          </reporter-output>
        </test-method> <!-- validateDiscountInAscending -->
        <test-method status="PASS" signature="afterMethod()[pri:0, instance:com.app.testCases.WriteReview@710726a3]" name="afterMethod" is-config="true" duration-ms="2" started-at="2020-01-23T12:37:32Z" finished-at="2020-01-23T12:37:32Z">
          <reporter-output>
          </reporter-output>
        </test-method> <!-- afterMethod -->
      </class> <!-- com.app.testCases.WriteReview -->
    </test> <!-- Default test -->
  </suite> <!-- Default suite -->
</testng-results>
